error: SequelizeConnectionError: Unknown database 'anime'
    at ConnectionManager.connect (C:\Users\Thinroot\Music\node js\nodejs\uploads\node_modules\sequelize\lib\dialects\mysql\connection-manager.js:102:17)
    at process.processTicksAndRejections (node:internal/process/task_queues:95:5)
    at async ConnectionManager._connect (C:\Users\Thinroot\Music\node js\nodejs\uploads\node_modules\sequelize\lib\dialects\abstract\connection-manager.js:222:24)
    at async C:\Users\Thinroot\Music\node js\nodejs\uploads\node_modules\sequelize\lib\dialects\abstract\connection-manager.js:174:32
error: SequelizeConnectionError: Unknown database 'anime'
    at ConnectionManager.connect (C:\Users\Thinroot\Music\node js\nodejs\uploads\node_modules\sequelize\lib\dialects\mysql\connection-manager.js:102:17)
    at process.processTicksAndRejections (node:internal/process/task_queues:95:5)
    at async ConnectionManager._connect (C:\Users\Thinroot\Music\node js\nodejs\uploads\node_modules\sequelize\lib\dialects\abstract\connection-manager.js:222:24)
    at async C:\Users\Thinroot\Music\node js\nodejs\uploads\node_modules\sequelize\lib\dialects\abstract\connection-manager.js:174:32
error: SequelizeConnectionError: Unknown database 'anime'
    at ConnectionManager.connect (C:\Users\Thinroot\Music\node js\nodejs\uploads\node_modules\sequelize\lib\dialects\mysql\connection-manager.js:102:17)
    at process.processTicksAndRejections (node:internal/process/task_queues:95:5)
    at async ConnectionManager._connect (C:\Users\Thinroot\Music\node js\nodejs\uploads\node_modules\sequelize\lib\dialects\abstract\connection-manager.js:222:24)
    at async C:\Users\Thinroot\Music\node js\nodejs\uploads\node_modules\sequelize\lib\dialects\abstract\connection-manager.js:174:32
error: SequelizeConnectionError: Unknown database 'anime'
    at ConnectionManager.connect (C:\Users\Thinroot\Music\node js\nodejs\uploads\node_modules\sequelize\lib\dialects\mysql\connection-manager.js:102:17)
    at process.processTicksAndRejections (node:internal/process/task_queues:95:5)
    at async ConnectionManager._connect (C:\Users\Thinroot\Music\node js\nodejs\uploads\node_modules\sequelize\lib\dialects\abstract\connection-manager.js:222:24)
    at async C:\Users\Thinroot\Music\node js\nodejs\uploads\node_modules\sequelize\lib\dialects\abstract\connection-manager.js:174:32
error: ::1 - POST /v1/student 400 - 31.977 ms - message: "studentStatus" must be a boolean
error: ::1 - POST /v1/student 400 - 4.347 ms - message: "studentStatus" must be a boolean
error: ::1 - POST /v1/student 400 - 2.066 ms - message: "studentStatus" must be a boolean
error: ::1 - POST /v1/student 400 - 42.841 ms - message: "studentStatus" must be a boolean
error: ::1 - POST /v1/student 400 - 52.928 ms - message: "studentStatus" must be a boolean
error: ::1 - POST /v1/student 400 - 8.306 ms - message: "studentStatus" must be a boolean
error: ::1 - POST /v1/student 500 - 31.935 ms - message: Cannot read properties of undefined (reading 'studentCreateServices')
error: ::1 - POST /v1/student 500 - 8.055 ms - message: Cannot read properties of undefined (reading 'studentCreateServices')
error: ::1 - POST /v1/student 500 - 29.458 ms - message: Cannot read properties of undefined (reading 'studentCreateServices')
error: ::1 - POST /v1/student 500 - 6.746 ms - message: Cannot read properties of undefined (reading 'studentCreateServices')
